<?xml version="1.0" encoding="UTF-8" standalone="no"?>
<!DOCTYPE log SYSTEM "logger.dtd">
<log>
<record>
  <date>2016-12-30T13:35:10</date>
  <millis>1483058110240</millis>
  <sequence>0</sequence>
  <logger>org.uma.jmetal.util.JMetalLogger</logger>
  <level>INFO</level>
  <class>org.uma.jmetal.util.JMetalLogger</class>
  <method>configureLoggers</method>
  <thread>1</thread>
  <message>Loggers configured with null</message>
</record>
<record>
  <date>2016-12-30T13:35:10</date>
  <millis>1483058110255</millis>
  <sequence>1</sequence>
  <logger>org.uma.jmetal.util.JMetalLogger</logger>
  <level>INFO</level>
  <class>org.uma.jmetal.util.parallel.impl.MultithreadedEvaluator</class>
  <method>&lt;init&gt;</method>
  <thread>1</thread>
  <message>THREADS: 2</message>
</record>
<record>
  <date>2016-12-30T13:35:10</date>
  <millis>1483058110257</millis>
  <sequence>2</sequence>
  <logger>org.uma.jmetal.util.JMetalLogger</logger>
  <level>INFO</level>
  <class>org.uma.jmetal.util.parallel.impl.MultithreadedEvaluator</class>
  <method>start</method>
  <thread>1</thread>
  <message>Cores: 2</message>
</record>
<record>
  <date>2016-12-30T13:35:10</date>
  <millis>1483058110269</millis>
  <sequence>3</sequence>
  <logger>org.uma.jmetal.util.JMetalLogger</logger>
  <level>INFO</level>
  <class>org.uma.jmetal.util.parallel.impl.MultithreadedEvaluator</class>
  <method>&lt;init&gt;</method>
  <thread>1</thread>
  <message>THREADS: 2</message>
</record>
<record>
  <date>2016-12-30T13:35:10</date>
  <millis>1483058110270</millis>
  <sequence>4</sequence>
  <logger>org.uma.jmetal.util.JMetalLogger</logger>
  <level>INFO</level>
  <class>org.uma.jmetal.util.parallel.impl.MultithreadedEvaluator</class>
  <method>start</method>
  <thread>1</thread>
  <message>Cores: 2</message>
</record>
</log>
