<?xml version="1.0" encoding="UTF-8" standalone="no"?>
<!DOCTYPE log SYSTEM "logger.dtd">
<log>
<record>
  <date>2017-09-14T10:15:27</date>
  <millis>1505340927129</millis>
  <sequence>0</sequence>
  <logger>org.uma.jmetal.util.JMetalLogger</logger>
  <level>INFO</level>
  <class>org.uma.jmetal.util.JMetalLogger</class>
  <method>configureLoggers</method>
  <thread>1</thread>
  <message>Loggers configured with null</message>
</record>
<record>
  <date>2017-09-14T10:15:27</date>
  <millis>1505340927185</millis>
  <sequence>1</sequence>
  <logger>org.uma.jmetal.util.JMetalLogger</logger>
  <level>INFO</level>
  <class>org.uma.jmetal.algorithm.multiobjective.nsgaiii.NSGAIII</class>
  <method>&lt;init&gt;</method>
  <thread>1</thread>
  <message>rpssize: 13</message>
</record>
</log>
